This is pdfTeX, Version 3.14159265-2.6-1.40.20 (TeX Live 2019/Arch Linux) (preloaded format=pdflatex 2020.2.8)  21 FEB 2020 23:01
entering extended mode
 restricted \write18 enabled.
 file:line:error style messages enabled.
 %&-line parsing enabled.
**Doc.tex
(./Doc.tex
LaTeX2e <2019-10-01> patch level 1
(/usr/share/texmf-dist/tex/latex/koma-script/scrartcl.cls
Document Class: scrartcl 2019/10/12 v3.27 KOMA-Script document class (article)
(/usr/share/texmf-dist/tex/latex/koma-script/scrkbase.sty
Package: scrkbase 2019/10/12 v3.27 KOMA-Script package (KOMA-Script-dependent basics and keyval usage)
(/usr/share/texmf-dist/tex/latex/koma-script/scrbase.sty
Package: scrbase 2019/10/12 v3.27 KOMA-Script package (KOMA-Script-independent basics and keyval usage)
(/usr/share/texmf-dist/tex/latex/graphics/keyval.sty
Package: keyval 2014/10/28 v1.15 key=value parser (DPC)
\KV@toks@=\toks14
) (/usr/share/texmf-dist/tex/latex/koma-script/scrlfile.sty
Package: scrlfile 2019/10/12 v3.27 KOMA-Script package (loading files)
))) (/usr/share/texmf-dist/tex/latex/koma-script/tocbasic.sty
Package: tocbasic 2019/10/12 v3.27 KOMA-Script package (handling toc-files)
\scr@dte@tocline@numberwidth=\skip41
\scr@dte@tocline@numbox=\box27
)
Package tocbasic Info: omitting babel extension for `toc'
(tocbasic)             because of feature `nobabel' available
(tocbasic)             for `toc' on input line 137.
Class scrartcl Info: File `scrsize11pt.clo' used instead of
(scrartcl)           file `scrsize11.clo' to setup font sizes on input line 2208.
(/usr/share/texmf-dist/tex/latex/koma-script/scrsize11pt.clo
File: scrsize11pt.clo 2019/10/12 v3.27 KOMA-Script font size class option (11pt)
) (/usr/share/texmf-dist/tex/latex/koma-script/typearea.sty
Package: typearea 2019/10/12 v3.27 KOMA-Script package (type area)
\ta@bcor=\skip42
\ta@div=\count80
\ta@hblk=\skip43
\ta@vblk=\skip44
\ta@temp=\skip45
\footheight=\skip46
Package typearea Info: These are the values describing the layout:
(typearea)             DIV  = 10
(typearea)             BCOR = 0.0pt
(typearea)             \paperwidth      = 597.50793pt
(typearea)              \textwidth      = 418.25555pt
(typearea)              DIV departure   = -6%
(typearea)              \evensidemargin = 17.3562pt
(typearea)              \oddsidemargin  = 17.3562pt
(typearea)             \paperheight     = 845.04694pt
(typearea)              \textheight     = 595.80026pt
(typearea)              \topmargin      = -25.16531pt
(typearea)              \headheight     = 17.0pt
(typearea)              \headsep        = 20.40001pt
(typearea)              \topskip        = 11.0pt
(typearea)              \footskip       = 47.6pt
(typearea)              \baselineskip   = 13.6pt
(typearea)              on input line 1716.
)
\c@part=\count81
\c@section=\count82
\c@subsection=\count83
\c@subsubsection=\count84
\c@paragraph=\count85
\c@subparagraph=\count86
\scr@dte@section@maxnumwidth=\skip47
Class scrartcl Info: using compatibility default `runin=bysign'
(scrartcl)           for `\section on input line 4702.
Class scrartcl Info: using compatibility default `afterindent=bysign'
(scrartcl)           for `\section on input line 4702.
\scr@dte@part@maxnumwidth=\skip48
Class scrartcl Info: using compatibility default `afterindent=false'
(scrartcl)           for `\part on input line 4710.
\scr@dte@subsection@maxnumwidth=\skip49
Class scrartcl Info: using compatibility default `runin=bysign'
(scrartcl)           for `\subsection on input line 4720.
Class scrartcl Info: using compatibility default `afterindent=bysign'
(scrartcl)           for `\subsection on input line 4720.
\scr@dte@subsubsection@maxnumwidth=\skip50
Class scrartcl Info: using compatibility default `runin=bysign'
(scrartcl)           for `\subsubsection on input line 4730.
Class scrartcl Info: using compatibility default `afterindent=bysign'
(scrartcl)           for `\subsubsection on input line 4730.
\scr@dte@paragraph@maxnumwidth=\skip51
Class scrartcl Info: using compatibility default `runin=bysign'
(scrartcl)           for `\paragraph on input line 4740.
Class scrartcl Info: using compatibility default `afterindent=bysign'
(scrartcl)           for `\paragraph on input line 4740.
\scr@dte@subparagraph@maxnumwidth=\skip52
Class scrartcl Info: using compatibility default `runin=bysign'
(scrartcl)           for `\subparagraph on input line 4750.
Class scrartcl Info: using compatibility default `afterindent=bysign'
(scrartcl)           for `\subparagraph on input line 4750.
\abovecaptionskip=\skip53
\belowcaptionskip=\skip54
\c@pti@nb@sid@b@x=\box28
Package tocbasic Info: omitting babel extension for `lof'
(tocbasic)             because of feature `nobabel' available
(tocbasic)             for `lof' on input line 5969.
\scr@dte@figure@maxnumwidth=\skip55
\c@figure=\count87
Package tocbasic Info: omitting babel extension for `lot'
(tocbasic)             because of feature `nobabel' available
(tocbasic)             for `lot' on input line 5981.
\scr@dte@table@maxnumwidth=\skip56
\c@table=\count88
Class scrartcl Info: Redefining `\numberline' on input line 6145.
\bibindent=\dimen102
) (/usr/share/texmf-dist/tex/latex/base/inputenc.sty
Package: inputenc 2018/08/11 v1.3c Input encoding file
\inpenc@prehook=\toks15
\inpenc@posthook=\toks16
) (/usr/share/texmf-dist/tex/latex/base/fontenc.sty
Package: fontenc 2018/08/11 v2.0j Standard LaTeX package
(/usr/share/texmf-dist/tex/latex/base/t1enc.def
File: t1enc.def 2018/08/11 v2.0j Standard LaTeX file
LaTeX Font Info:    Redeclaring font encoding T1 on input line 48.
)) (/usr/share/texmf-dist/tex/latex/lm/lmodern.sty
Package: lmodern 2009/10/30 v1.6 Latin Modern Fonts
LaTeX Font Info:    Overwriting symbol font `operators' in version `normal'
(Font)                  OT1/cmr/m/n --> OT1/lmr/m/n on input line 22.
LaTeX Font Info:    Overwriting symbol font `letters' in version `normal'
(Font)                  OML/cmm/m/it --> OML/lmm/m/it on input line 23.
LaTeX Font Info:    Overwriting symbol font `symbols' in version `normal'
(Font)                  OMS/cmsy/m/n --> OMS/lmsy/m/n on input line 24.
LaTeX Font Info:    Overwriting symbol font `largesymbols' in version `normal'
(Font)                  OMX/cmex/m/n --> OMX/lmex/m/n on input line 25.
LaTeX Font Info:    Overwriting symbol font `operators' in version `bold'
(Font)                  OT1/cmr/bx/n --> OT1/lmr/bx/n on input line 26.
LaTeX Font Info:    Overwriting symbol font `letters' in version `bold'
(Font)                  OML/cmm/b/it --> OML/lmm/b/it on input line 27.
LaTeX Font Info:    Overwriting symbol font `symbols' in version `bold'
(Font)                  OMS/cmsy/b/n --> OMS/lmsy/b/n on input line 28.
LaTeX Font Info:    Overwriting symbol font `largesymbols' in version `bold'
(Font)                  OMX/cmex/m/n --> OMX/lmex/m/n on input line 29.
LaTeX Font Info:    Overwriting math alphabet `\mathbf' in version `normal'
(Font)                  OT1/cmr/bx/n --> OT1/lmr/bx/n on input line 31.
LaTeX Font Info:    Overwriting math alphabet `\mathsf' in version `normal'
(Font)                  OT1/cmss/m/n --> OT1/lmss/m/n on input line 32.
LaTeX Font Info:    Overwriting math alphabet `\mathit' in version `normal'
(Font)                  OT1/cmr/m/it --> OT1/lmr/m/it on input line 33.
LaTeX Font Info:    Overwriting math alphabet `\mathtt' in version `normal'
(Font)                  OT1/cmtt/m/n --> OT1/lmtt/m/n on input line 34.
LaTeX Font Info:    Overwriting math alphabet `\mathbf' in version `bold'
(Font)                  OT1/cmr/bx/n --> OT1/lmr/bx/n on input line 35.
LaTeX Font Info:    Overwriting math alphabet `\mathsf' in version `bold'
(Font)                  OT1/cmss/bx/n --> OT1/lmss/bx/n on input line 36.
LaTeX Font Info:    Overwriting math alphabet `\mathit' in version `bold'
(Font)                  OT1/cmr/bx/it --> OT1/lmr/bx/it on input line 37.
LaTeX Font Info:    Overwriting math alphabet `\mathtt' in version `bold'
(Font)                  OT1/cmtt/m/n --> OT1/lmtt/m/n on input line 38.
) (/usr/share/texmf-dist/tex/generic/babel/babel.sty
Package: babel 2019/10/15 3.35 The Babel package
(/usr/share/texmf-dist/tex/generic/babel/switch.def
File: switch.def 2019/10/15 3.35 Babel switching mechanism
) (/usr/share/texmf-dist/tex/generic/babel-german/ngerman.ldf
Language: ngerman 2018/12/08 v2.11 German support for babel (post-1996 orthography)
(/usr/share/texmf-dist/tex/generic/babel-german/ngermanb.ldf
Language: ngermanb 2018/12/08 v2.11 German support for babel (post-1996 orthography)
(/usr/share/texmf-dist/tex/generic/babel/babel.def
File: babel.def 2019/10/15 3.35 Babel common definitions
\babel@savecnt=\count89
\U@D=\dimen103
(/usr/share/texmf-dist/tex/generic/babel/txtbabel.def)
\bbl@dirlevel=\count90
)
Package babel Info: Making " an active character on input line 121.
))) (/usr/share/texmf-dist/tex/latex/amsmath/amsmath.sty
Package: amsmath 2019/04/01 v2.17c AMS math features
\@mathmargin=\skip57
For additional information on amsmath, use the `?' option.
(/usr/share/texmf-dist/tex/latex/amsmath/amstext.sty
Package: amstext 2000/06/29 v2.01 AMS text
(/usr/share/texmf-dist/tex/latex/amsmath/amsgen.sty
File: amsgen.sty 1999/11/30 v2.0 generic functions
\@emptytoks=\toks17
\ex@=\dimen104
)) (/usr/share/texmf-dist/tex/latex/amsmath/amsbsy.sty
Package: amsbsy 1999/11/29 v1.2d Bold Symbols
\pmbraise@=\dimen105
) (/usr/share/texmf-dist/tex/latex/amsmath/amsopn.sty
Package: amsopn 2016/03/08 v2.02 operator names
)
\inf@bad=\count91
LaTeX Info: Redefining \frac on input line 227.
\uproot@=\count92
\leftroot@=\count93
LaTeX Info: Redefining \overline on input line 389.
\classnum@=\count94
\DOTSCASE@=\count95
LaTeX Info: Redefining \ldots on input line 486.
LaTeX Info: Redefining \dots on input line 489.
LaTeX Info: Redefining \cdots on input line 610.
\Mathstrutbox@=\box29
\strutbox@=\box30
\big@size=\dimen106
LaTeX Font Info:    Redeclaring font encoding OML on input line 733.
LaTeX Font Info:    Redeclaring font encoding OMS on input line 734.
\macc@depth=\count96
\c@MaxMatrixCols=\count97
\dotsspace@=\muskip10
\c@parentequation=\count98
\dspbrk@lvl=\count99
\tag@help=\toks18
\row@=\count100
\column@=\count101
\maxfields@=\count102
\andhelp@=\toks19
\eqnshift@=\dimen107
\alignsep@=\dimen108
\tagshift@=\dimen109
\tagwidth@=\dimen110
\totwidth@=\dimen111
\lineht@=\dimen112
\@envbody=\toks20
\multlinegap=\skip58
\multlinetaggap=\skip59
\mathdisplay@stack=\toks21
LaTeX Info: Redefining \[ on input line 2855.
LaTeX Info: Redefining \] on input line 2856.
) (/usr/share/texmf-dist/tex/latex/graphics/graphicx.sty
Package: graphicx 2017/06/01 v1.1a Enhanced LaTeX Graphics (DPC,SPQR)
(/usr/share/texmf-dist/tex/latex/graphics/graphics.sty
Package: graphics 2019/10/08 v1.3c Standard LaTeX Graphics (DPC,SPQR)
(/usr/share/texmf-dist/tex/latex/graphics/trig.sty
Package: trig 2016/01/03 v1.10 sin cos tan (DPC)
) (/usr/share/texmf-dist/tex/latex/graphics-cfg/graphics.cfg
File: graphics.cfg 2016/06/04 v1.11 sample graphics configuration
)
Package graphics Info: Driver file: pdftex.def on input line 105.
(/usr/share/texmf-dist/tex/latex/graphics-def/pdftex.def
File: pdftex.def 2018/01/08 v1.0l Graphics/color driver for pdftex
))
\Gin@req@height=\dimen113
\Gin@req@width=\dimen114
) (./Doc.aux)
\openout1 = `Doc.aux'.

LaTeX Font Info:    Checking defaults for OML/cmm/m/it on input line 16.
LaTeX Font Info:    ... okay on input line 16.
LaTeX Font Info:    Checking defaults for T1/cmr/m/n on input line 16.
LaTeX Font Info:    ... okay on input line 16.
LaTeX Font Info:    Checking defaults for OT1/cmr/m/n on input line 16.
LaTeX Font Info:    ... okay on input line 16.
LaTeX Font Info:    Checking defaults for OMS/cmsy/m/n on input line 16.
LaTeX Font Info:    ... okay on input line 16.
LaTeX Font Info:    Checking defaults for OMX/cmex/m/n on input line 16.
LaTeX Font Info:    ... okay on input line 16.
LaTeX Font Info:    Checking defaults for U/cmr/m/n on input line 16.
LaTeX Font Info:    ... okay on input line 16.
LaTeX Font Info:    Trying to load font information for T1+lmr on input line 16.
(/usr/share/texmf-dist/tex/latex/lm/t1lmr.fd
File: t1lmr.fd 2009/10/30 v1.6 Font defs for Latin Modern
) (/usr/share/texmf-dist/tex/context/base/mkii/supp-pdf.mkii
[Loading MPS to PDF converter (version 2006.09.02).]
\scratchcounter=\count103
\scratchdimen=\dimen115
\scratchbox=\box31
\nofMPsegments=\count104
\nofMParguments=\count105
\everyMPshowfont=\toks22
\MPscratchCnt=\count106
\MPscratchDim=\dimen116
\MPnumerator=\count107
\makeMPintoPDFobject=\count108
\everyMPtoPDFconversion=\toks23
) (/usr/share/texmf-dist/tex/latex/oberdiek/epstopdf-base.sty
Package: epstopdf-base 2016/05/15 v2.6 Base part for package epstopdf
(/usr/share/texmf-dist/tex/generic/oberdiek/infwarerr.sty
Package: infwarerr 2016/05/16 v1.4 Providing info/warning/error messages (HO)
) (/usr/share/texmf-dist/tex/latex/oberdiek/grfext.sty
Package: grfext 2016/05/16 v1.2 Manage graphics extensions (HO)
(/usr/share/texmf-dist/tex/generic/oberdiek/kvdefinekeys.sty
Package: kvdefinekeys 2016/05/16 v1.4 Define keys (HO)
(/usr/share/texmf-dist/tex/generic/oberdiek/ltxcmds.sty
Package: ltxcmds 2016/05/16 v1.23 LaTeX kernel commands for general use (HO)
))) (/usr/share/texmf-dist/tex/latex/oberdiek/kvoptions.sty
Package: kvoptions 2016/05/16 v3.12 Key value format for package options (HO)
(/usr/share/texmf-dist/tex/generic/oberdiek/kvsetkeys.sty
Package: kvsetkeys 2016/05/16 v1.17 Key value parser (HO)
(/usr/share/texmf-dist/tex/generic/oberdiek/etexcmds.sty
Package: etexcmds 2016/05/16 v1.6 Avoid name clashes with e-TeX commands (HO)
(/usr/share/texmf-dist/tex/generic/oberdiek/ifluatex.sty
Package: ifluatex 2016/05/16 v1.4 Provides the ifluatex switch (HO)
Package ifluatex Info: LuaTeX not detected.
)))) (/usr/share/texmf-dist/tex/generic/oberdiek/pdftexcmds.sty
Package: pdftexcmds 2019/07/25 v0.30 Utility functions of pdfTeX for LuaTeX (HO)
(/usr/share/texmf-dist/tex/generic/oberdiek/ifpdf.sty
Package: ifpdf 2018/09/07 v3.3 Provides the ifpdf switch
)
Package pdftexcmds Info: LuaTeX not detected.
Package pdftexcmds Info: \pdf@primitive is available.
Package pdftexcmds Info: \pdf@ifprimitive is available.
Package pdftexcmds Info: \pdfdraftmode found.
)
Package epstopdf-base Info: Redefining graphics rule for `.eps' on input line 438.
Package grfext Info: Graphics extension search list:
(grfext)             [.pdf,.png,.jpg,.mps,.jpeg,.jbig2,.jb2,.PDF,.PNG,.JPG,.JPEG,.JBIG2,.JB2,.eps]
(grfext)             \AppendGraphicsExtensions on input line 456.
(/usr/share/texmf-dist/tex/latex/latexconfig/epstopdf-sys.cfg
File: epstopdf-sys.cfg 2010/07/13 v1.3 Configuration of (r)epstopdf for TeX Live
))
LaTeX Font Info:    Trying to load font information for T1+lmss on input line 19.
(/usr/share/texmf-dist/tex/latex/lm/t1lmss.fd
File: t1lmss.fd 2009/10/30 v1.6 Font defs for Latin Modern
)
LaTeX Font Info:    Trying to load font information for OT1+lmr on input line 19.
(/usr/share/texmf-dist/tex/latex/lm/ot1lmr.fd
File: ot1lmr.fd 2009/10/30 v1.6 Font defs for Latin Modern
)
LaTeX Font Info:    Trying to load font information for OML+lmm on input line 19.
(/usr/share/texmf-dist/tex/latex/lm/omllmm.fd
File: omllmm.fd 2009/10/30 v1.6 Font defs for Latin Modern
)
LaTeX Font Info:    Trying to load font information for OMS+lmsy on input line 19.
(/usr/share/texmf-dist/tex/latex/lm/omslmsy.fd
File: omslmsy.fd 2009/10/30 v1.6 Font defs for Latin Modern
)
LaTeX Font Info:    Trying to load font information for OMX+lmex on input line 19.
(/usr/share/texmf-dist/tex/latex/lm/omxlmex.fd
File: omxlmex.fd 2009/10/30 v1.6 Font defs for Latin Modern
)
LaTeX Font Info:    External font `lmex10' loaded for size
(Font)              <14.4> on input line 19.
LaTeX Font Info:    External font `lmex10' loaded for size
(Font)              <10> on input line 19.
LaTeX Font Info:    External font `lmex10' loaded for size
(Font)              <7> on input line 19.
(./Doc.toc
LaTeX Font Info:    External font `lmex10' loaded for size
(Font)              <10.95> on input line 4.
LaTeX Font Info:    External font `lmex10' loaded for size
(Font)              <8> on input line 4.
LaTeX Font Info:    External font `lmex10' loaded for size
(Font)              <6> on input line 4.
)
\tf@toc=\write3
\openout3 = `Doc.toc'.

[1


{/var/lib/texmf/fonts/map/pdftex/updmap/pdftex.map}]
<~/Documents/TP/DeWeis/DeWeisClient/src/assets/images/node_express.jpg, id=9, 304.13625pt x 166.6225pt>
File: ~/Documents/TP/DeWeis/DeWeisClient/src/assets/images/node_express.jpg Graphic file (type jpg)
<use ~/Documents/TP/DeWeis/DeWeisClient/src/assets/images/node_express.jpg>
Package pdftex.def Info: ~/Documents/TP/DeWeis/DeWeisClient/src/assets/images/node_express.jpg  used on input line 41.
(pdftex.def)             Requested size: 304.1355pt x 166.62209pt.
<~/Documents/TP/DeWeis/DeWeisClient/src/assets/images/mariadb.png, id=10, 404.51125pt x 125.46875pt>
File: ~/Documents/TP/DeWeis/DeWeisClient/src/assets/images/mariadb.png Graphic file (type png)
<use ~/Documents/TP/DeWeis/DeWeisClient/src/assets/images/mariadb.png>
Package pdftex.def Info: ~/Documents/TP/DeWeis/DeWeisClient/src/assets/images/mariadb.png  used on input line 55.
(pdftex.def)             Requested size: 404.51025pt x 125.46843pt.

LaTeX Warning: `h' float specifier changed to `ht'.

<~/Documents/TP/DeWeis/DeWeisClient/src/assets/images/opendatahub.png, id=11, 373.395pt x 136.51pt>
File: ~/Documents/TP/DeWeis/DeWeisClient/src/assets/images/opendatahub.png Graphic file (type png)
<use ~/Documents/TP/DeWeis/DeWeisClient/src/assets/images/opendatahub.png>
Package pdftex.def Info: ~/Documents/TP/DeWeis/DeWeisClient/src/assets/images/opendatahub.png  used on input line 66.
(pdftex.def)             Requested size: 373.39409pt x 136.50966pt.

LaTeX Warning: `h' float specifier changed to `ht'.

<~/Documents/TP/DeWeis/DeWeisClient/src/assets/images/material.png, id=12, 217.81375pt x 233.87375pt>
File: ~/Documents/TP/DeWeis/DeWeisClient/src/assets/images/material.png Graphic file (type png)
<use ~/Documents/TP/DeWeis/DeWeisClient/src/assets/images/material.png>
Package pdftex.def Info: ~/Documents/TP/DeWeis/DeWeisClient/src/assets/images/material.png  used on input line 81.
(pdftex.def)             Requested size: 217.8132pt x 233.87315pt.
[2 </home/karkittykat/Documents/TP/DeWeis/DeWeisClient/src/assets/images/node_express.jpg>]
<~/Documents/TP/DeWeis/DeWeisClient/src/assets/images/index.jpg, id=17, 350.30875pt x 144.54pt>
File: ~/Documents/TP/DeWeis/DeWeisClient/src/assets/images/index.jpg Graphic file (type jpg)
<use ~/Documents/TP/DeWeis/DeWeisClient/src/assets/images/index.jpg>
Package pdftex.def Info: ~/Documents/TP/DeWeis/DeWeisClient/src/assets/images/index.jpg  used on input line 92.
(pdftex.def)             Requested size: 350.30789pt x 144.53963pt.
<~/Documents/TP/DeWeis/DeWeisClient/src/assets/images/leaflet.jpg, id=18, 438.63875pt x 115.43124pt>
File: ~/Documents/TP/DeWeis/DeWeisClient/src/assets/images/leaflet.jpg Graphic file (type jpg)
<use ~/Documents/TP/DeWeis/DeWeisClient/src/assets/images/leaflet.jpg>
Package pdftex.def Info: ~/Documents/TP/DeWeis/DeWeisClient/src/assets/images/leaflet.jpg  used on input line 105.
(pdftex.def)             Requested size: 438.63766pt x 115.43095pt.

Overfull \hbox (20.38211pt too wide) in paragraph at lines 105--106
 [][] 
 []

[3 </home/karkittykat/Documents/TP/DeWeis/DeWeisClient/src/assets/images/mariadb.png> </home/karkittykat/Documents/TP/DeWeis/DeWeisClient/src/assets/images/opendatahub.png>] [4 </home/karkittykat/Documents/TP/DeWeis/DeWeisClient/src/assets/images/material.png> </home/karkittykat/Documents/TP/DeWeis/DeWeisClient/src/assets/images/index.jpg> </home/karkittykat/Documents/TP/DeWeis/DeWeisClient/src/assets/images/leaflet.jpg>]
<~/Documents/TP/DeWeis/DeWeisClient/src/assets/images/eventlist.png, id=28, 922.44624pt x 460.72125pt>
File: ~/Documents/TP/DeWeis/DeWeisClient/src/assets/images/eventlist.png Graphic file (type png)
<use ~/Documents/TP/DeWeis/DeWeisClient/src/assets/images/eventlist.png>
Package pdftex.def Info: ~/Documents/TP/DeWeis/DeWeisClient/src/assets/images/eventlist.png  used on input line 138.
(pdftex.def)             Requested size: 368.97195pt x 184.28523pt.

LaTeX Warning: `!h' float specifier changed to `!ht'.

<~/Documents/TP/DeWeis/DeWeisClient/src/assets/images/searchfield.png, id=29, 270.00874pt x 61.22874pt>
File: ~/Documents/TP/DeWeis/DeWeisClient/src/assets/images/searchfield.png Graphic file (type png)
<use ~/Documents/TP/DeWeis/DeWeisClient/src/assets/images/searchfield.png>
Package pdftex.def Info: ~/Documents/TP/DeWeis/DeWeisClient/src/assets/images/searchfield.png  used on input line 145.
(pdftex.def)             Requested size: 108.00157pt x 24.49104pt.

LaTeX Warning: `h' float specifier changed to `ht'.

<~/Documents/TP/DeWeis/DeWeisClient/src/assets/images/detail.png, id=30, 138.5175pt x 73.27374pt>
File: ~/Documents/TP/DeWeis/DeWeisClient/src/assets/images/detail.png Graphic file (type png)
<use ~/Documents/TP/DeWeis/DeWeisClient/src/assets/images/detail.png>
Package pdftex.def Info: ~/Documents/TP/DeWeis/DeWeisClient/src/assets/images/detail.png  used on input line 152.
(pdftex.def)             Requested size: 55.406pt x 29.30896pt.

LaTeX Warning: `h' float specifier changed to `ht'.

<~/Documents/TP/DeWeis/DeWeisClient/src/assets/images/map.png, id=31, 809.0225pt x 507.8975pt>
File: ~/Documents/TP/DeWeis/DeWeisClient/src/assets/images/map.png Graphic file (type png)
<use ~/Documents/TP/DeWeis/DeWeisClient/src/assets/images/map.png>
Package pdftex.def Info: ~/Documents/TP/DeWeis/DeWeisClient/src/assets/images/map.png  used on input line 166.
(pdftex.def)             Requested size: 404.51027pt x 253.94814pt.

Overfull \hbox (3.07542pt too wide) in paragraph at lines 163--170
[]\T1/lmr/m/n/10.95 Implementierung von Leaflet und die Su-che nach der nächs-ten Wet-t-er-sta-ti-on Abb:10[]
 []


LaTeX Warning: `h' float specifier changed to `ht'.

<~/Documents/TP/DeWeis/DeWeisClient/src/assets/images/weatherinfo.png, id=32, 1046.91125pt x 602.25pt>
File: ~/Documents/TP/DeWeis/DeWeisClient/src/assets/images/weatherinfo.png Graphic file (type png)
<use ~/Documents/TP/DeWeis/DeWeisClient/src/assets/images/weatherinfo.png>
Package pdftex.def Info: ~/Documents/TP/DeWeis/DeWeisClient/src/assets/images/weatherinfo.png  used on input line 173.
(pdftex.def)             Requested size: 418.75708pt x 240.89572pt.

Overfull \hbox (0.50153pt too wide) in paragraph at lines 173--174
 [][] 
 []


LaTeX Warning: `!h' float specifier changed to `!ht'.

<~/Documents/TP/DeWeis/DeWeisClient/src/assets/images/caroussel.png, id=33, 879.285pt x 470.75874pt>
File: ~/Documents/TP/DeWeis/DeWeisClient/src/assets/images/caroussel.png Graphic file (type png)
<use ~/Documents/TP/DeWeis/DeWeisClient/src/assets/images/caroussel.png>
Package pdftex.def Info: ~/Documents/TP/DeWeis/DeWeisClient/src/assets/images/caroussel.png  used on input line 180.
(pdftex.def)             Requested size: 351.70778pt x 188.30016pt.

LaTeX Warning: `!h' float specifier changed to `!ht'.

[5] [6 </home/karkittykat/Documents/TP/DeWeis/DeWeisClient/src/assets/images/eventlist.png> </home/karkittykat/Documents/TP/DeWeis/DeWeisClient/src/assets/images/searchfield.png>] [7 </home/karkittykat/Documents/TP/DeWeis/DeWeisClient/src/assets/images/detail.png> </home/karkittykat/Documents/TP/DeWeis/DeWeisClient/src/assets/images/map.png>] [8 </home/karkittykat/Documents/TP/DeWeis/DeWeisClient/src/assets/images/weatherinfo.png> </home/karkittykat/Documents/TP/DeWeis/DeWeisClient/src/assets/images/caroussel.png>] (./Doc.aux) ) 
Here is how much of TeX's memory you used:
 5775 strings out of 492167
 106145 string characters out of 6131559
 284232 words of memory out of 5000000
 10039 multiletter control sequences out of 15000+600000
 49370 words of font info for 43 fonts, out of 8000000 for 9000
 1141 hyphenation exceptions out of 8191
 51i,9n,55p,10062b,355s stack positions out of 5000i,500n,10000p,200000b,80000s
{/usr/share/texmf-dist/fonts/enc/dvips/lm/lm-ec.enc}</usr/share/texmf-dist/fonts/type1/public/lm/lmbx10.pfb></usr/share/texmf-dist/fonts/type1/public/lm/lmr10.pfb></usr/share/texmf-dist/fonts/type1/public/lm/lmr12.pfb></usr/share/texmf-dist/fonts/type1/public/lm/lmssbx10.pfb>
Output written on Doc.pdf (8 pages, 1043645 bytes).
PDF statistics:
 63 PDF objects out of 1000 (max. 8388607)
 33 compressed objects within 1 object stream
 0 named destinations out of 1000 (max. 500000)
 61 words of extra memory for PDF output out of 10000 (max. 10000000)

